<?xml version="1.0" encoding="UTF-8"?>
<!-- Generated by org.testng.reporters.JUnitReportReporter -->
<testsuite hostname="DESKTOP-ASMTMAD" failures="0" tests="1" name="pckge.Project" time="73.906" errors="0" timestamp="2024-05-17T17:04:54 IST" skipped="0">
  <testcase classname="pckge.Project" name="login" time="73.906"/>
  <system-out/>
</testsuite> <!-- pckge.Project -->
